#
# There is insufficient memory for the Java Runtime Environment to continue.
# Native memory allocation (malloc) failed to allocate 483696 bytes for Chunk::new
# Possible reasons:
#   The system is out of physical RAM or swap space
#   In 32 bit mode, the process size limit was hit
# Possible solutions:
#   Reduce memory load on the system
#   Increase physical memory or swap space
#   Check if swap backing store is full
#   Use 64 bit Java on a 64 bit OS
#   Decrease Java heap size (-Xmx/-Xms)
#   Decrease number of Java threads
#   Decrease Java thread stack sizes (-Xss)
#   Set larger code cache with -XX:ReservedCodeCacheSize=
# This output file may be truncated or incomplete.
#
#  Out of Memory Error (allocation.cpp:328), pid=7192, tid=10448
#
# JRE version: 7.0_25-b17
# Java VM: Java HotSpot(TM) 64-Bit Server VM (23.25-b01 mixed mode windows-amd64 compressed oops)
# Failed to write core dump. Minidumps are not enabled by default on client versions of Windows
#

---------------  T H R E A D  ---------------

Current thread (0x0000000008681000):  JavaThread "C2 CompilerThread0" daemon [_thread_in_native, id=10448, stack(0x0000000009c50000,0x0000000009d50000)]

Stack: [0x0000000009c50000,0x0000000009d50000]

Current CompileTask:
C2:   7798  372             com.android.dx.ssa.SsaRenamer$BlockRenamer::process (191 bytes)


---------------  P R O C E S S  ---------------

Java Threads: ( => current thread )
  0x0000000008691000 JavaThread "Service Thread" daemon [_thread_blocked, id=10056, stack(0x0000000009e50000,0x0000000009f50000)]
  0x000000000868b000 JavaThread "C2 CompilerThread1" daemon [_thread_in_native, id=9548, stack(0x0000000009d50000,0x0000000009e50000)]
=>0x0000000008681000 JavaThread "C2 CompilerThread0" daemon [_thread_in_native, id=10448, stack(0x0000000009c50000,0x0000000009d50000)]
  0x0000000008680000 JavaThread "Attach Listener" daemon [_thread_blocked, id=10452, stack(0x0000000009b50000,0x0000000009c50000)]
  0x000000000867d000 JavaThread "Signal Dispatcher" daemon [_thread_blocked, id=7880, stack(0x0000000009a50000,0x0000000009b50000)]
  0x0000000008613000 JavaThread "Finalizer" daemon [_thread_blocked, id=10956, stack(0x0000000009950000,0x0000000009a50000)]
  0x000000000860f800 JavaThread "Reference Handler" daemon [_thread_blocked, id=6760, stack(0x0000000009850000,0x0000000009950000)]
  0x0000000001d2e800 JavaThread "main" [_thread_in_Java, id=4868, stack(0x0000000001fb0000,0x00000000020b0000)]

Other Threads:
  0x0000000008607000 VMThread [stack: 0x0000000009750000,0x0000000009850000] [id=10608]
  0x000000000869e000 WatcherThread [stack: 0x0000000009f50000,0x000000000a050000] [id=1216]

VM state:not at safepoint (normal execution)

VM Mutex/Monitor currently owned by a thread: None

Heap
 PSYoungGen      total 34496K, used 5727K [0x00000000eaab0000, 0x00000000eee10000, 0x0000000100000000)
  eden space 31872K, 9% used [0x00000000eaab0000,0x00000000eadbf668,0x00000000ec9d0000)
  from space 2624K, 98% used [0x00000000ec9d0000,0x00000000ecc58850,0x00000000ecc60000)
  to   space 2624K, 0% used [0x00000000eeb80000,0x00000000eeb80000,0x00000000eee10000)
 ParOldGen       total 42432K, used 8495K [0x00000000c0000000, 0x00000000c2970000, 0x00000000eaab0000)
  object space 42432K, 20% used [0x00000000c0000000,0x00000000c084bd70,0x00000000c2970000)
 PSPermGen       total 21248K, used 5757K [0x00000000bae00000, 0x00000000bc2c0000, 0x00000000c0000000)
  object space 21248K, 27% used [0x00000000bae00000,0x00000000bb39f468,0x00000000bc2c0000)

Card table byte_map: [0x0000000005270000,0x00000000054a0000] byte_map_base: 0x0000000004c99000

Polling page: 0x0000000000530000

Code Cache  [0x00000000021b0000, 0x0000000002420000, 0x00000000051b0000)
 total_blobs=601 nmethods=367 adapters=183 free_code_cache=47644Kb largest_free_block=48751744

Compilation events (10 events):
Event: 7.551 Thread 0x0000000008681000 nmethod 367 0x000000000231d9d0 code [0x000000000231db80, 0x000000000231e288]
Event: 7.551 Thread 0x0000000008681000  368             com.android.dx.ssa.SsaMethod::getUseListForRegister (18 bytes)
Event: 7.552 Thread 0x0000000008681000 nmethod 368 0x0000000002313250 code [0x00000000023133a0, 0x0000000002313468]
Event: 7.552 Thread 0x0000000008681000  369             com.android.dx.cf.code.ValueAwareMachine::run (1142 bytes)
Event: 7.641 Thread 0x0000000008681000 nmethod 369 0x0000000002321510 code [0x0000000002322060, 0x0000000002323c48]
Event: 7.641 Thread 0x0000000008681000  370             com.android.dx.ssa.ConstCollector::getConstsSortedByCountUse (386 bytes)
Event: 7.763 Thread 0x0000000008681000 nmethod 370 0x0000000002326a90 code [0x0000000002326ec0, 0x0000000002328c08]
Event: 7.763 Thread 0x0000000008681000  371             java.util.HashMap::containsKey (14 bytes)
Event: 7.767 Thread 0x0000000008681000 nmethod 371 0x000000000231bad0 code [0x000000000231bc40, 0x000000000231be68]
Event: 7.768 Thread 0x0000000008681000  372             com.android.dx.ssa.SsaRenamer$BlockRenamer::process (191 bytes)

GC Heap History (6 events):
Event: 3.240 GC heap before
{Heap before GC invocations=1 (full 0):
 PSYoungGen      total 18560K, used 15936K [0x00000000eaab0000, 0x00000000ebf60000, 0x0000000100000000)
  eden space 15936K, 100% used [0x00000000eaab0000,0x00000000eba40000,0x00000000eba40000)
  from space 2624K, 0% used [0x00000000ebcd0000,0x00000000ebcd0000,0x00000000ebf60000)
  to   space 2624K, 0% used [0x00000000eba40000,0x00000000eba40000,0x00000000ebcd0000)
 ParOldGen       total 42432K, used 0K [0x00000000c0000000, 0x00000000c2970000, 0x00000000eaab0000)
  object space 42432K, 0% used [0x00000000c0000000,0x00000000c0000000,0x00000000c2970000)
 PSPermGen       total 21248K, used 5538K [0x00000000bae00000, 0x00000000bc2c0000, 0x00000000c0000000)
  object space 21248K, 26% used [0x00000000bae00000,0x00000000bb368ab0,0x00000000bc2c0000)
Event: 3.295 GC heap after
Heap after GC invocations=1 (full 0):
 PSYoungGen      total 18560K, used 2615K [0x00000000eaab0000, 0x00000000ecef0000, 0x0000000100000000)
  eden space 15936K, 0% used [0x00000000eaab0000,0x00000000eaab0000,0x00000000eba40000)
  from space 2624K, 99% used [0x00000000eba40000,0x00000000ebccdc78,0x00000000ebcd0000)
  to   space 2624K, 0% used [0x00000000ecc60000,0x00000000ecc60000,0x00000000ecef0000)
 ParOldGen       total 42432K, used 1557K [0x00000000c0000000, 0x00000000c2970000, 0x00000000eaab0000)
  object space 42432K, 3% used [0x00000000c0000000,0x00000000c01855d0,0x00000000c2970000)
 PSPermGen       total 21248K, used 5538K [0x00000000bae00000, 0x00000000bc2c0000, 0x00000000c0000000)
  object space 21248K, 26% used [0x00000000bae00000,0x00000000bb368ab0,0x00000000bc2c0000)
}
Event: 4.887 GC heap before
{Heap before GC invocations=2 (full 0):
 PSYoungGen      total 18560K, used 18551K [0x00000000eaab0000, 0x00000000ecef0000, 0x0000000100000000)
  eden space 15936K, 100% used [0x00000000eaab0000,0x00000000eba40000,0x00000000eba40000)
  from space 2624K, 99% used [0x00000000eba40000,0x00000000ebccdc78,0x00000000ebcd0000)
  to   space 2624K, 0% used [0x00000000ecc60000,0x00000000ecc60000,0x00000000ecef0000)
 ParOldGen       total 42432K, used 1557K [0x00000000c0000000, 0x00000000c2970000, 0x00000000eaab0000)
  object space 42432K, 3% used [0x00000000c0000000,0x00000000c01855d0,0x00000000c2970000)
 PSPermGen       total 21248K, used 5699K [0x00000000bae00000, 0x00000000bc2c0000, 0x00000000c0000000)
  object space 21248K, 26% used [0x00000000bae00000,0x00000000bb390e60,0x00000000bc2c0000)
Event: 5.045 GC heap after
Heap after GC invocations=2 (full 0):
 PSYoungGen      total 34496K, used 2599K [0x00000000eaab0000, 0x00000000ecef0000, 0x0000000100000000)
  eden space 31872K, 0% used [0x00000000eaab0000,0x00000000eaab0000,0x00000000ec9d0000)
  from space 2624K, 99% used [0x00000000ecc60000,0x00000000ecee9c78,0x00000000ecef0000)
  to   space 2624K, 0% used [0x00000000ec9d0000,0x00000000ec9d0000,0x00000000ecc60000)
 ParOldGen       total 42432K, used 3799K [0x00000000c0000000, 0x00000000c2970000, 0x00000000eaab0000)
  object space 42432K, 8% used [0x00000000c0000000,0x00000000c03b5c68,0x00000000c2970000)
 PSPermGen       total 21248K, used 5699K [0x00000000bae00000, 0x00000000bc2c0000, 0x00000000c0000000)
  object space 21248K, 26% used [0x00000000bae00000,0x00000000bb390e60,0x00000000bc2c0000)
}
Event: 7.586 GC heap before
{Heap before GC invocations=3 (full 0):
 PSYoungGen      total 34496K, used 34471K [0x00000000eaab0000, 0x00000000ecef0000, 0x0000000100000000)
  eden space 31872K, 100% used [0x00000000eaab0000,0x00000000ec9d0000,0x00000000ec9d0000)
  from space 2624K, 99% used [0x00000000ecc60000,0x00000000ecee9c78,0x00000000ecef0000)
  to   space 2624K, 0% used [0x00000000ec9d0000,0x00000000ec9d0000,0x00000000ecc60000)
 ParOldGen       total 42432K, used 3799K [0x00000000c0000000, 0x00000000c2970000, 0x00000000eaab0000)
  object space 42432K, 8% used [0x00000000c0000000,0x00000000c03b5c68,0x00000000c2970000)
 PSPermGen       total 21248K, used 5753K [0x00000000bae00000, 0x00000000bc2c0000, 0x00000000c0000000)
  object space 21248K, 27% used [0x00000000bae00000,0x00000000bb39e4c0,0x00000000bc2c0000)
Event: 7.602 GC heap after
Heap after GC invocations=3 (full 0):
 PSYoungGen      total 34496K, used 2594K [0x00000000eaab0000, 0x00000000eee10000, 0x0000000100000000)
  eden space 31872K, 0% used [0x00000000eaab0000,0x00000000eaab0000,0x00000000ec9d0000)
  from space 2624K, 98% used [0x00000000ec9d0000,0x00000000ecc58850,0x00000000ecc60000)
  to   space 2624K, 0% used [0x00000000eeb80000,0x00000000eeb80000,0x00000000eee10000)
 ParOldGen       total 42432K, used 8495K [0x00000000c0000000, 0x00000000c2970000, 0x00000000eaab0000)
  object space 42432K, 20% used [0x00000000c0000000,0x00000000c084bd70,0x00000000c2970000)
 PSPermGen       total 21248K, used 5753K [0x00000000bae00000, 0x00000000bc2c0000, 0x00000000c0000000)
  object space 21248K, 27% used [0x00000000bae00000,0x00000000bb39e4c0,0x00000000bc2c0000)
}

Deoptimization events (10 events):
Event: 5.503 Thread 0x0000000001d2e800 Uncommon trap -83 fr.pc 0x00000000022935b8
Event: 6.036 Thread 0x0000000001d2e800 Uncommon trap -83 fr.pc 0x00000000022c12b0
Event: 6.177 Thread 0x0000000001d2e800 Uncommon trap -83 fr.pc 0x000000000226c3b0
Event: 6.322 Thread 0x0000000001d2e800 Uncommon trap -83 fr.pc 0x00000000022aace0
Event: 7.681 Thread 0x0000000001d2e800 Uncommon trap -58 fr.pc 0x00000000022c9158
Event: 7.682 Thread 0x0000000001d2e800 Uncommon trap -58 fr.pc 0x00000000022c9158
Event: 7.683 Thread 0x0000000001d2e800 Uncommon trap -34 fr.pc 0x00000000022b8ca0
Event: 7.691 Thread 0x0000000001d2e800 Uncommon trap -58 fr.pc 0x00000000022c9158
Event: 7.692 Thread 0x0000000001d2e800 Uncommon trap -58 fr.pc 0x00000000022c9158
Event: 7.692 Thread 0x0000000001d2e800 Uncommon trap -34 fr.pc 0x00000000022b8ca0

Internal exceptions (10 events):
Event: 2.740 Thread 0x0000000001d2e800 Threw 0x00000000eb657cc0 at C:\jdk7u2_64p\jdk7u25\hotspot\src\share\vm\prims\jvm.cpp:1235
Event: 2.741 Thread 0x0000000001d2e800 Threw 0x00000000eb65a0e0 at C:\jdk7u2_64p\jdk7u25\hotspot\src\share\vm\prims\jvm.cpp:1235
Event: 2.839 Thread 0x0000000001d2e800 Threw 0x00000000eb7315c8 at C:\jdk7u2_64p\jdk7u25\hotspot\src\share\vm\prims\jvm.cpp:1235
Event: 2.861 Thread 0x0000000001d2e800 Threw 0x00000000eb76ea50 at C:\jdk7u2_64p\jdk7u25\hotspot\src\share\vm\prims\jvm.cpp:1235
Event: 2.898 Thread 0x0000000001d2e800 Threw 0x00000000eb77cc60 at C:\jdk7u2_64p\jdk7u25\hotspot\src\share\vm\prims\jvm.cpp:1235
Event: 3.355 Thread 0x0000000001d2e800 Threw 0x00000000eabc7d10 at C:\jdk7u2_64p\jdk7u25\hotspot\src\share\vm\prims\jvm.cpp:1235
Event: 3.368 Thread 0x0000000001d2e800 Threw 0x00000000eac06f20 at C:\jdk7u2_64p\jdk7u25\hotspot\src\share\vm\prims\jvm.cpp:1235
Event: 3.714 Thread 0x0000000001d2e800 Threw 0x00000000eaf06798 at C:\jdk7u2_64p\jdk7u25\hotspot\src\share\vm\prims\jvm.cpp:1235
Event: 4.279 Thread 0x0000000001d2e800 Implicit null exception at 0x000000000227de97 to 0x000000000227e571
Event: 4.792 Thread 0x0000000001d2e800 Implicit null exception at 0x0000000002266af7 to 0x00000000022679a9

Events (10 events):
Event: 7.682 Thread 0x0000000001d2e800 DEOPT PACKING pc=0x00000000022c9158 sp=0x00000000020aeab0
Event: 7.682 Thread 0x0000000001d2e800 DEOPT UNPACKING pc=0x00000000021e9164 sp=0x00000000020aea58 mode 2
Event: 7.683 Thread 0x0000000001d2e800 DEOPT PACKING pc=0x00000000022b8ca0 sp=0x00000000020aecb0
Event: 7.683 Thread 0x0000000001d2e800 DEOPT UNPACKING pc=0x00000000021e9164 sp=0x00000000020aec38 mode 2
Event: 7.691 Thread 0x0000000001d2e800 DEOPT PACKING pc=0x00000000022c9158 sp=0x00000000020aea30
Event: 7.691 Thread 0x0000000001d2e800 DEOPT UNPACKING pc=0x00000000021e9164 sp=0x00000000020ae9d8 mode 2
Event: 7.692 Thread 0x0000000001d2e800 DEOPT PACKING pc=0x00000000022c9158 sp=0x00000000020aeab0
Event: 7.692 Thread 0x0000000001d2e800 DEOPT UNPACKING pc=0x00000000021e9164 sp=0x00000000020aea58 mode 2
Event: 7.692 Thread 0x0000000001d2e800 DEOPT PACKING pc=0x00000000022b8ca0 sp=0x00000000020aecb0
Event: 7.692 Thread 0x0000000001d2e800 DEOPT UNPACKING pc=0x00000000021e9164 sp=0x00000000020aec38 mode 2


Dynamic libraries:
0x00007ff657ab0000 - 0x00007ff657ae3000 	C:\Program Files\Java\jdk1.7.0_25\bin\java.exe
0x00007ff89e8f0000 - 0x00007ff89ea9c000 	C:\WINDOWS\SYSTEM32\ntdll.dll
0x00007ff89cd40000 - 0x00007ff89ce7e000 	C:\WINDOWS\system32\KERNEL32.DLL
0x00007ff89bb60000 - 0x00007ff89bc75000 	C:\WINDOWS\system32\KERNELBASE.dll
0x00007ff89a5e0000 - 0x00007ff89a66e000 	C:\WINDOWS\system32\apphelp.dll
0x00007ff8985d0000 - 0x00007ff898623000 	C:\WINDOWS\AppPatch\AppPatch64\AcGenral.DLL
0x00007ff89c160000 - 0x00007ff89c20a000 	C:\WINDOWS\system32\msvcrt.dll
0x00007ff89b8e0000 - 0x00007ff89b90e000 	C:\WINDOWS\SYSTEM32\SspiCli.dll
0x00007ff89c100000 - 0x00007ff89c154000 	C:\WINDOWS\system32\SHLWAPI.dll
0x00007ff89ce80000 - 0x00007ff89cff7000 	C:\WINDOWS\system32\USER32.dll
0x00007ff89e750000 - 0x00007ff89e8e4000 	C:\WINDOWS\system32\ole32.dll
0x00007ff89d1e0000 - 0x00007ff89e70b000 	C:\WINDOWS\system32\SHELL32.dll
0x00007ff89afa0000 - 0x00007ff89afc1000 	C:\WINDOWS\SYSTEM32\USERENV.dll
0x00007ff89c7e0000 - 0x00007ff89c88a000 	C:\WINDOWS\system32\ADVAPI32.dll
0x00007ff894c60000 - 0x00007ff894c7e000 	C:\WINDOWS\SYSTEM32\MPR.dll
0x00007ff89c970000 - 0x00007ff89cab1000 	C:\WINDOWS\system32\RPCRT4.dll
0x00007ff89c630000 - 0x00007ff89c689000 	C:\WINDOWS\SYSTEM32\sechost.dll
0x00007ff89c2d0000 - 0x00007ff89c4e1000 	C:\WINDOWS\SYSTEM32\combase.dll
0x00007ff89c690000 - 0x00007ff89c7e0000 	C:\WINDOWS\system32\GDI32.dll
0x00007ff89ba40000 - 0x00007ff89ba55000 	C:\WINDOWS\SYSTEM32\profapi.dll
0x00007ff89a270000 - 0x00007ff89a322000 	C:\WINDOWS\SYSTEM32\SHCORE.dll
0x00007ff89e710000 - 0x00007ff89e746000 	C:\WINDOWS\system32\IMM32.DLL
0x00007ff89bf80000 - 0x00007ff89c0d2000 	C:\WINDOWS\system32\MSCTF.dll
0x0000000057560000 - 0x00000000575e7000 	C:\WINDOWS\System32\SYSFER.DLL
0x00007ff899df0000 - 0x00007ff89a06b000 	C:\WINDOWS\WinSxS\amd64_microsoft.windows.common-controls_6595b64144ccf1df_6.0.9600.18006_none_623f33d3ecbe86e8\COMCTL32.dll
0x0000000052c40000 - 0x0000000052d11000 	C:\Program Files\Java\jdk1.7.0_25\jre\bin\msvcr100.dll
0x0000000052f80000 - 0x000000005368f000 	C:\Program Files\Java\jdk1.7.0_25\jre\bin\server\jvm.dll
0x00007ff893a50000 - 0x00007ff893a59000 	C:\WINDOWS\SYSTEM32\WSOCK32.dll
0x00007ff893af0000 - 0x00007ff893b12000 	C:\WINDOWS\SYSTEM32\WINMM.dll
0x00007ff89c620000 - 0x00007ff89c627000 	C:\WINDOWS\system32\PSAPI.DLL
0x00007ff89cce0000 - 0x00007ff89cd3a000 	C:\WINDOWS\system32\WS2_32.dll
0x00007ff893ac0000 - 0x00007ff893aea000 	C:\WINDOWS\SYSTEM32\WINMMBASE.dll
0x00007ff89c890000 - 0x00007ff89c899000 	C:\WINDOWS\system32\NSI.dll
0x00007ff89bb10000 - 0x00007ff89bb5f000 	C:\WINDOWS\SYSTEM32\cfgmgr32.dll
0x00007ff89a830000 - 0x00007ff89a858000 	C:\WINDOWS\SYSTEM32\DEVOBJ.dll
0x00000000551a0000 - 0x00000000551af000 	C:\Program Files\Java\jdk1.7.0_25\jre\bin\verify.dll
0x0000000053a60000 - 0x0000000053a88000 	C:\Program Files\Java\jdk1.7.0_25\jre\bin\java.dll
0x0000000053ac0000 - 0x0000000053ad5000 	C:\Program Files\Java\jdk1.7.0_25\jre\bin\zip.dll
0x0000000053a40000 - 0x0000000053a59000 	C:\Program Files\Java\jdk1.7.0_25\jre\bin\net.dll
0x00007ff89b260000 - 0x00007ff89b2b9000 	C:\WINDOWS\system32\mswsock.dll
0x0000000053a20000 - 0x0000000053a31000 	C:\Program Files\Java\jdk1.7.0_25\jre\bin\nio.dll

VM Arguments:
jvm_args: -Djava.awt.headless=true -Xmx1024M -Dfile.encoding=windows-1252 -Duser.country=US -Duser.language=en -Duser.variant 
java_command: com.android.dx.command.Main --dex --output C:\Users\Melissa.idea-PC\Documents\blast\app\build\intermediates\pre-dexed\debug\com.android.support-appcompat-v7-22.2.1_ef3cf401bfbe45e8a224d7b3db797f3750feff95.jar C:\Users\Melissa.idea-PC\Documents\blast\app\build\intermediates\exploded-aar\com.android.support\appcompat-v7\22.2.1\jars\classes.jar
Launcher Type: SUN_STANDARD

Environment Variables:
PATH=C:\Program Files (x86)\Intel\iCLS Client\;C:\Program Files\Intel\iCLS Client\;C:\WINDOWS\system32;C:\WINDOWS;C:\WINDOWS\System32\Wbem;C:\WINDOWS\System32\WindowsPowerShell\v1.0\;C:\Program Files\Intel\Intel(R) Management Engine Components\DAL;C:\Program Files\Intel\Intel(R) Management Engine Components\IPT;C:\Program Files (x86)\Intel\Intel(R) Management Engine Components\DAL;C:\Program Files (x86)\Intel\Intel(R) Management Engine Components\IPT;C:\Program Files (x86)\Intel\OpenCL SDK\2.0\bin\x86;C:\Program Files (x86)\Intel\OpenCL SDK\2.0\bin\x64;C:\Program Files (x86)\Common Files\Acronis\SnapAPI\;C:\Program Files (x86)\Windows Live\Shared;C:\sqlite;C:\sqlite;C:\Program Files\7-Zip;C:\Program Files (x86)\Skype\Phone\;C:\Program Files (x86)\Intel\iCLS Client\;C:\Program Files\Intel\iCLS Client\;C:\WINDOWS\system32;C:\WINDOWS;C:\WINDOWS\System32\Wbem;C:\WINDOWS\System32\WindowsPowerShell\v1.0\;C:\Program Files\Intel\Intel(R) Management Engine Components\DAL;C:\Program Files\Intel\Intel(R) Management Engine Components\IPT;C:\Program Files (x86)\Intel\Intel(R) Management Engine Components\DAL;C:\Program Files (x86)\Intel\Intel(R) Management Engine Components\IPT;C:\Program Files (x86)\Intel\OpenCL SDK\2.0\bin\x86;C:\Program Files (x86)\Intel\OpenCL SDK\2.0\bin\x64;C:\Program Files (x86)\Common Files\Acronis\SnapAPI\;C:\Program Files (x86)\Windows Live\Shared
USERNAME=Melissa
OS=Windows_NT
PROCESSOR_IDENTIFIER=Intel64 Family 6 Model 58 Stepping 9, GenuineIntel



---------------  S Y S T E M  ---------------

OS: Windows 8 , 64 bit Build 9200 

CPU:total 4 (2 cores per cpu, 2 threads per core) family 6 model 58 stepping 9, cmov, cx8, fxsr, mmx, sse, sse2, sse3, ssse3, sse4.1, sse4.2, popcnt, avx, ht, tsc, tscinvbit, tscinv

Memory: 4k page, physical 4070680k(119184k free), swap 7216408k(7900k free)

vm_info: Java HotSpot(TM) 64-Bit Server VM (23.25-b01) for windows-amd64 JRE (1.7.0_25-b17), built on Jun 21 2013 12:58:32 by "java_re" with unknown MS VC++:1600

time: Tue Feb 02 10:07:35 2016
elapsed time: 7 seconds

